<?xml version="1.0" encoding="UTF-8"?>
<!-- Generated by org.testng.reporters.JUnitReportReporter -->
<testsuite hostname="FFE-Mohammed-Saqeb-FFE129" failures="0" tests="1" name="com.actitime.testscript.CustomerModule" time="0.004" errors="0" timestamp="2024-09-01T10:59:30 IST" skipped="0">
  <testcase classname="com.actitime.testscript.CustomerModule" name="customerModule" time="0.004"/>
  <system-out>
    <![CDATA[customerModule]]>
  </system-out>
</testsuite> <!-- com.actitime.testscript.CustomerModule -->
