<?xml version="1.0" encoding="UTF-8"?>
<!-- Generated by org.testng.reporters.JUnitReportReporter -->
<testsuite hostname="FFE-Mohammed-Saqeb-FFE129" failures="0" tests="1" name="com.actitime.generic.BaseClass" time="0.016" errors="0" timestamp="2024-09-01T10:59:30 IST" skipped="0">
  <testcase classname="com.actitime.generic.BaseClass" name="op" time="0.016"/>
  <system-out/>
</testsuite> <!-- com.actitime.generic.BaseClass -->
